<?xml version="1.0" encoding="UTF-8"?>
<testng-results skipped="0" failed="0" total="1" passed="1">
  <reporter-output>
  </reporter-output>
  <suite name="Default suite" duration-ms="51699" started-at="2014-12-12T03:33:15Z" finished-at="2014-12-12T03:34:07Z">
    <groups>
    </groups>
    <test name="Default test" duration-ms="51699" started-at="2014-12-12T03:33:15Z" finished-at="2014-12-12T03:34:07Z">
      <class name="tests.SearchCountry">
        <test-method status="PASS" signature="setUp()[pri:0, instance:tests.SearchCountry@53c8331b]" name="setUp" is-config="true" duration-ms="4616" started-at="2014-12-12T09:03:10Z" finished-at="2014-12-12T09:03:15Z">
          <reporter-output>
          </reporter-output>
        </test-method> <!-- setUp -->
        <test-method status="PASS" signature="testSearchCountry()[pri:0, instance:tests.SearchCountry@53c8331b]" name="testSearchCountry" duration-ms="51677" started-at="2014-12-12T09:03:15Z" finished-at="2014-12-12T09:04:07Z">
          <reporter-output>
          </reporter-output>
        </test-method> <!-- testSearchCountry -->
        <test-method status="PASS" signature="tearDown()[pri:0, instance:tests.SearchCountry@53c8331b]" name="tearDown" is-config="true" duration-ms="1433" started-at="2014-12-12T09:04:07Z" finished-at="2014-12-12T09:04:08Z">
          <reporter-output>
          </reporter-output>
        </test-method> <!-- tearDown -->
      </class> <!-- tests.SearchCountry -->
    </test> <!-- Default test -->
  </suite> <!-- Default suite -->
</testng-results>
